150	base-out.vi	?
150	modified-out.vi	?
257	base-out.vi	-
257	modified-out.vi	+
541	modified-out.vi	+
541	base-out.vi	-
251	base-out.vi	+
251	modified-out.vi	-
435	base-out.vi	+
435	modified-out.vi	-
271	base-out.vi	+
271	modified-out.vi	-
243	modified-out.vi	-
243	base-out.vi	+
152	modified-out.vi	-
152	base-out.vi	+
799	base-out.vi	-
799	modified-out.vi	+
162	base-out.vi	?
162	modified-out.vi	?
286	modified-out.vi	-
286	base-out.vi	+
1071	modified-out.vi	+
1071	base-out.vi	-
129	base-out.vi	-
129	modified-out.vi	+
824	modified-out.vi	+
824	base-out.vi	-
1000	base-out.vi	+
1000	modified-out.vi	-
76	base-out.vi	-
76	modified-out.vi	+
325	base-out.vi	+
325	modified-out.vi	-
835	base-out.vi	-
835	modified-out.vi	+
190	modified-out.vi	?
190	base-out.vi	?
1045	base-out.vi	-
1045	modified-out.vi	+
452	modified-out.vi	-
452	base-out.vi	+
283	modified-out.vi	-
283	base-out.vi	+
32	base-out.vi	+
32	modified-out.vi	-
259	modified-out.vi	-
259	base-out.vi	+
95	modified-out.vi	?
95	base-out.vi	?
35	base-out.vi	+
35	modified-out.vi	-
925	modified-out.vi	-
925	base-out.vi	+
355	base-out.vi	-
355	modified-out.vi	+
660	base-out.vi	-
660	modified-out.vi	+
576	modified-out.vi	-
576	base-out.vi	+
411	base-out.vi	-
411	modified-out.vi	+
575	modified-out.vi	+
575	base-out.vi	-
1052	modified-out.vi	+
1052	base-out.vi	-
221	base-out.vi	-
221	modified-out.vi	+
1083	base-out.vi	-
1083	modified-out.vi	+
522	base-out.vi	?
522	modified-out.vi	?
358	modified-out.vi	-
358	base-out.vi	+
460	base-out.vi	?
460	modified-out.vi	?
698	base-out.vi	+
698	modified-out.vi	-
820	modified-out.vi	-
820	base-out.vi	+
93	modified-out.vi	-
93	base-out.vi	+
736	modified-out.vi	+
736	base-out.vi	-
787	modified-out.vi	+
787	base-out.vi	-
995	modified-out.vi	?
995	base-out.vi	?
189	modified-out.vi	+
189	base-out.vi	-
583	base-out.vi	+
583	modified-out.vi	-
280	base-out.vi	-
280	modified-out.vi	+
387	base-out.vi	-
387	modified-out.vi	+
866	base-out.vi	-
866	modified-out.vi	+
973	modified-out.vi	+
973	base-out.vi	-
55	base-out.vi	?
55	modified-out.vi	?
494	base-out.vi	?
494	modified-out.vi	?
1013	modified-out.vi	-
1013	base-out.vi	+
485	modified-out.vi	?
485	base-out.vi	?
941	base-out.vi	-
941	modified-out.vi	+
992	base-out.vi	?
992	modified-out.vi	?
1044	modified-out.vi	-
1044	base-out.vi	+
859	modified-out.vi	+
859	base-out.vi	-
139	modified-out.vi	?
139	base-out.vi	?
69	base-out.vi	-
69	modified-out.vi	+
873	modified-out.vi	-
873	base-out.vi	+
970	base-out.vi	?
970	modified-out.vi	?
1039	modified-out.vi	?
1039	base-out.vi	?
1018	base-out.vi	?
1018	modified-out.vi	?
491	modified-out.vi	?
491	base-out.vi	?
753	base-out.vi	-
753	modified-out.vi	+
862	modified-out.vi	+
862	base-out.vi	-
255	modified-out.vi	+
255	base-out.vi	-
975	base-out.vi	-
975	modified-out.vi	+
979	modified-out.vi	-
979	base-out.vi	+
874	modified-out.vi	?
874	base-out.vi	?
1043	modified-out.vi	-
1043	base-out.vi	+
314	modified-out.vi	+
314	base-out.vi	-
554	base-out.vi	+
554	modified-out.vi	-
52	base-out.vi	+
52	modified-out.vi	-
155	base-out.vi	-
155	modified-out.vi	+
499	modified-out.vi	-
499	base-out.vi	+
871	base-out.vi	-
871	modified-out.vi	+
281	base-out.vi	+
281	modified-out.vi	-
607	modified-out.vi	+
607	base-out.vi	-
290	base-out.vi	-
290	modified-out.vi	+
1041	base-out.vi	-
1041	modified-out.vi	+
204	base-out.vi	?
204	modified-out.vi	?
74	modified-out.vi	-
74	base-out.vi	+
836	modified-out.vi	-
836	base-out.vi	+
446	modified-out.vi	-
446	base-out.vi	+
330	modified-out.vi	+
330	base-out.vi	-
501	base-out.vi	?
501	modified-out.vi	?
663	modified-out.vi	+
663	base-out.vi	-
573	base-out.vi	+
573	modified-out.vi	-
475	base-out.vi	-
475	modified-out.vi	+
960	modified-out.vi	-
960	base-out.vi	+
1038	modified-out.vi	-
1038	base-out.vi	+
141	modified-out.vi	?
141	base-out.vi	?
461	base-out.vi	-
461	modified-out.vi	+
697	base-out.vi	?
697	modified-out.vi	?
154	modified-out.vi	?
154	base-out.vi	?
4	modified-out.vi	?
4	base-out.vi	?
881	modified-out.vi	?
881	base-out.vi	?
381	modified-out.vi	-
381	base-out.vi	+
1011	base-out.vi	+
1011	modified-out.vi	-
599	base-out.vi	+
599	modified-out.vi	-
457	modified-out.vi	-
457	base-out.vi	+
910	modified-out.vi	?
910	base-out.vi	?
712	modified-out.vi	?
712	base-out.vi	?
104	modified-out.vi	-
104	base-out.vi	+
837	modified-out.vi	+
837	base-out.vi	-
856	base-out.vi	-
856	modified-out.vi	+
729	base-out.vi	-
729	modified-out.vi	+
927	modified-out.vi	+
927	base-out.vi	-
360	modified-out.vi	+
360	base-out.vi	-
442	modified-out.vi	+
442	base-out.vi	-
