741	pyvitok.out	?
741	mosestok.out	?
2483	mosestok.out	?
2483	pyvitok.out	?
2596	pyvitok.out	?
2596	mosestok.out	?
2696	pyvitok.out	?
2696	mosestok.out	?
195	mosestok.out	?
195	pyvitok.out	?
2670	pyvitok.out	?
2670	mosestok.out	?
2942	pyvitok.out	+
2942	mosestok.out	-
839	mosestok.out	?
839	pyvitok.out	?
1636	pyvitok.out	?
1636	mosestok.out	?
2234	mosestok.out	?
2234	pyvitok.out	?
1377	pyvitok.out	?
1377	mosestok.out	?
125	mosestok.out	?
125	pyvitok.out	?
1443	mosestok.out	*
1443	pyvitok.out	*
1347	pyvitok.out	*
1347	mosestok.out	*
1324	pyvitok.out	-
1324	mosestok.out	+
1021	mosestok.out	-
1021	pyvitok.out	+
2430	mosestok.out	*
2430	pyvitok.out	*
1276	mosestok.out	*
1276	pyvitok.out	*
2262	pyvitok.out	*
2262	mosestok.out	*
2801	pyvitok.out	*
2801	mosestok.out	*
2301	mosestok.out	-
2301	pyvitok.out	+
430	mosestok.out	*
430	pyvitok.out	*
2179	mosestok.out	*
2179	pyvitok.out	*
1969	pyvitok.out	*
1969	mosestok.out	*
1957	pyvitok.out	*
1957	mosestok.out	*
1752	pyvitok.out	+
1752	mosestok.out	-
471	mosestok.out	*
471	pyvitok.out	*
1717	pyvitok.out	-
1717	mosestok.out	+
948	mosestok.out	+
948	pyvitok.out	-
818	pyvitok.out	+
818	mosestok.out	-
2043	pyvitok.out	*
2043	mosestok.out	*
600	pyvitok.out	+
600	mosestok.out	-
1961	pyvitok.out	+
1961	mosestok.out	-
2287	mosestok.out	-
2287	pyvitok.out	+
626	pyvitok.out	*
626	mosestok.out	*
944	pyvitok.out	*
944	mosestok.out	*
2703	pyvitok.out	-
2703	mosestok.out	+
2624	mosestok.out	*
2624	pyvitok.out	*
456	pyvitok.out	-
456	mosestok.out	+
1872	pyvitok.out	+
1872	mosestok.out	-
865	mosestok.out	-
865	pyvitok.out	+
939	pyvitok.out	-
939	mosestok.out	+
1892	pyvitok.out	-
1892	mosestok.out	+
120	mosestok.out	*
120	pyvitok.out	*
1436	pyvitok.out	*
1436	mosestok.out	*
1629	mosestok.out	*
1629	pyvitok.out	*
2916	pyvitok.out	-
2916	mosestok.out	+
837	pyvitok.out	*
837	mosestok.out	*
1286	pyvitok.out	*
1286	mosestok.out	*
2988	pyvitok.out	*
2988	mosestok.out	*
1038	mosestok.out	+
1038	pyvitok.out	-
